C:\Program Files (x86)\Microsoft Visual Studio\2019\Community\MSBuild\Microsoft\VC\v160\Microsoft.CppBuild.targets(491,5): warning MSB8028: El directorio intermedio (Debug\) contiene archivos compartidos de otro proyecto (NavesL4.vcxproj, Plataformas.vcxproj). Esto puede dar lugar a un comportamiento incorrecto de limpieza y recompilación.
  Actor.cpp
C:\Users\isman\Desktop\P1Cuatri\SEV-2021\Plataformas\NavesL4\Actor.cpp(6,12): warning C4244: '=': conversión de 'float' a 'int'; posible pérdida de datos
C:\Users\isman\Desktop\P1Cuatri\SEV-2021\Plataformas\NavesL4\Actor.cpp(7,12): warning C4244: '=': conversión de 'float' a 'int'; posible pérdida de datos
  Animation.cpp
C:\Users\isman\Desktop\P1Cuatri\SEV-2021\Plataformas\NavesL4\Animation.cpp(9,21): warning C4244: '=': conversión de 'float' a 'int'; posible pérdida de datos
C:\Users\isman\Desktop\P1Cuatri\SEV-2021\Plataformas\NavesL4\Animation.cpp(10,22): warning C4244: '=': conversión de 'float' a 'int'; posible pérdida de datos
C:\Users\isman\Desktop\P1Cuatri\SEV-2021\Plataformas\NavesL4\Animation.cpp(11,20): warning C4244: '=': conversión de 'float' a 'int'; posible pérdida de datos
C:\Users\isman\Desktop\P1Cuatri\SEV-2021\Plataformas\NavesL4\Animation.cpp(12,21): warning C4244: '=': conversión de 'float' a 'int'; posible pérdida de datos
C:\Users\isman\Desktop\P1Cuatri\SEV-2021\Plataformas\NavesL4\Animation.cpp(27,13): warning C4244: '=': conversión de 'float' a 'int'; posible pérdida de datos
C:\Users\isman\Desktop\P1Cuatri\SEV-2021\Plataformas\NavesL4\Animation.cpp(28,13): warning C4244: '=': conversión de 'float' a 'int'; posible pérdida de datos
C:\Users\isman\Desktop\P1Cuatri\SEV-2021\Plataformas\NavesL4\Animation.cpp(52,26): warning C4244: '=': conversión de 'float' a 'int'; posible pérdida de datos
C:\Users\isman\Desktop\P1Cuatri\SEV-2021\Plataformas\NavesL4\Animation.cpp(60,20): warning C4244: '=': conversión de 'float' a 'int'; posible pérdida de datos
C:\Users\isman\Desktop\P1Cuatri\SEV-2021\Plataformas\NavesL4\Animation.cpp(61,20): warning C4244: '=': conversión de 'float' a 'int'; posible pérdida de datos
  Background.cpp
C:\Users\isman\Desktop\P1Cuatri\SEV-2021\Plataformas\NavesL4\Background.cpp(19,9): warning C4244: '=': conversión de 'float' a 'int'; posible pérdida de datos
  Enemy.cpp
C:\Users\isman\Desktop\P1Cuatri\SEV-2021\Plataformas\NavesL4\Enemy.cpp(10,57): warning C4244: 'argumento': conversión de 'int' a 'float'; posible pérdida de datos
C:\Users\isman\Desktop\P1Cuatri\SEV-2021\Plataformas\NavesL4\Enemy.cpp(10,50): warning C4244: 'argumento': conversión de 'int' a 'float'; posible pérdida de datos
C:\Users\isman\Desktop\P1Cuatri\SEV-2021\Plataformas\NavesL4\Enemy.cpp(13,63): warning C4244: 'argumento': conversión de 'int' a 'float'; posible pérdida de datos
C:\Users\isman\Desktop\P1Cuatri\SEV-2021\Plataformas\NavesL4\Enemy.cpp(13,56): warning C4244: 'argumento': conversión de 'int' a 'float'; posible pérdida de datos
C:\Users\isman\Desktop\P1Cuatri\SEV-2021\Plataformas\NavesL4\Enemy.cpp(41,9): warning C4244: '=': conversión de 'float' a 'int'; posible pérdida de datos
C:\Users\isman\Desktop\P1Cuatri\SEV-2021\Plataformas\NavesL4\Enemy.cpp(47,21): warning C4244: 'argumento': conversión de 'int' a 'float'; posible pérdida de datos
C:\Users\isman\Desktop\P1Cuatri\SEV-2021\Plataformas\NavesL4\Enemy.cpp(47,18): warning C4244: 'argumento': conversión de 'int' a 'float'; posible pérdida de datos
  Game.cpp
C:\Users\isman\Desktop\P1Cuatri\SEV-2021\Plataformas\NavesL4\Game.cpp(65,56): warning C4244: 'argumento': conversión de 'float' a 'int'; posible pérdida de datos
C:\Users\isman\Desktop\P1Cuatri\SEV-2021\Plataformas\NavesL4\Game.cpp(65,35): warning C4244: 'argumento': conversión de 'float' a 'int'; posible pérdida de datos
  GameLayer.cpp
C:\Users\isman\Desktop\P1Cuatri\SEV-2021\Plataformas\NavesL4\GameLayer.cpp(23,66): warning C4305: 'argumento': truncamiento de 'double' a 'float'
C:\Users\isman\Desktop\P1Cuatri\SEV-2021\Plataformas\NavesL4\GameLayer.cpp(88,35): warning C4244: 'argumento': conversión de 'int' a 'float'; posible pérdida de datos
C:\Users\isman\Desktop\P1Cuatri\SEV-2021\Plataformas\NavesL4\GameLayer.cpp(88,31): warning C4244: 'argumento': conversión de 'int' a 'float'; posible pérdida de datos
  Layer.cpp
  Main.cpp
  Player.cpp
C:\Users\isman\Desktop\P1Cuatri\SEV-2021\Plataformas\NavesL4\Player.cpp(6,68): warning C4244: 'argumento': conversión de 'int' a 'float'; posible pérdida de datos
C:\Users\isman\Desktop\P1Cuatri\SEV-2021\Plataformas\NavesL4\Player.cpp(6,61): warning C4244: 'argumento': conversión de 'int' a 'float'; posible pérdida de datos
C:\Users\isman\Desktop\P1Cuatri\SEV-2021\Plataformas\NavesL4\Player.cpp(8,69): warning C4244: 'argumento': conversión de 'int' a 'float'; posible pérdida de datos
C:\Users\isman\Desktop\P1Cuatri\SEV-2021\Plataformas\NavesL4\Player.cpp(8,62): warning C4244: 'argumento': conversión de 'int' a 'float'; posible pérdida de datos
C:\Users\isman\Desktop\P1Cuatri\SEV-2021\Plataformas\NavesL4\Player.cpp(10,76): warning C4244: 'argumento': conversión de 'int' a 'float'; posible pérdida de datos
C:\Users\isman\Desktop\P1Cuatri\SEV-2021\Plataformas\NavesL4\Player.cpp(10,69): warning C4244: 'argumento': conversión de 'int' a 'float'; posible pérdida de datos
C:\Users\isman\Desktop\P1Cuatri\SEV-2021\Plataformas\NavesL4\Player.cpp(12,77): warning C4244: 'argumento': conversión de 'int' a 'float'; posible pérdida de datos
C:\Users\isman\Desktop\P1Cuatri\SEV-2021\Plataformas\NavesL4\Player.cpp(12,70): warning C4244: 'argumento': conversión de 'int' a 'float'; posible pérdida de datos
C:\Users\isman\Desktop\P1Cuatri\SEV-2021\Plataformas\NavesL4\Player.cpp(15,10): warning C4244: 'argumento': conversión de 'int' a 'float'; posible pérdida de datos
C:\Users\isman\Desktop\P1Cuatri\SEV-2021\Plataformas\NavesL4\Player.cpp(15,3): warning C4244: 'argumento': conversión de 'int' a 'float'; posible pérdida de datos
C:\Users\isman\Desktop\P1Cuatri\SEV-2021\Plataformas\NavesL4\Player.cpp(17,10): warning C4244: 'argumento': conversión de 'int' a 'float'; posible pérdida de datos
C:\Users\isman\Desktop\P1Cuatri\SEV-2021\Plataformas\NavesL4\Player.cpp(17,3): warning C4244: 'argumento': conversión de 'int' a 'float'; posible pérdida de datos
C:\Users\isman\Desktop\P1Cuatri\SEV-2021\Plataformas\NavesL4\Player.cpp(80,8): warning C4244: '=': conversión de 'float' a 'int'; posible pérdida de datos
C:\Users\isman\Desktop\P1Cuatri\SEV-2021\Plataformas\NavesL4\Player.cpp(81,8): warning C4244: '=': conversión de 'float' a 'int'; posible pérdida de datos
C:\Users\isman\Desktop\P1Cuatri\SEV-2021\Plataformas\NavesL4\Player.cpp(99,46): warning C4244: 'argumento': conversión de 'int' a 'float'; posible pérdida de datos
C:\Users\isman\Desktop\P1Cuatri\SEV-2021\Plataformas\NavesL4\Player.cpp(99,43): warning C4244: 'argumento': conversión de 'int' a 'float'; posible pérdida de datos
C:\Users\isman\Desktop\P1Cuatri\SEV-2021\Plataformas\NavesL4\Player.cpp(112,21): warning C4244: 'argumento': conversión de 'int' a 'float'; posible pérdida de datos
C:\Users\isman\Desktop\P1Cuatri\SEV-2021\Plataformas\NavesL4\Player.cpp(112,18): warning C4244: 'argumento': conversión de 'int' a 'float'; posible pérdida de datos
  Projectile.cpp
C:\Users\isman\Desktop\P1Cuatri\SEV-2021\Plataformas\NavesL4\Projectile.cpp(9,8): warning C4244: '=': conversión de 'float' a 'int'; posible pérdida de datos
  Text.cpp
C:\Users\isman\Desktop\P1Cuatri\SEV-2021\Plataformas\NavesL4\Text.cpp(5,12): warning C4244: '=': conversión de 'float' a 'int'; posible pérdida de datos
C:\Users\isman\Desktop\P1Cuatri\SEV-2021\Plataformas\NavesL4\Text.cpp(6,12): warning C4244: '=': conversión de 'float' a 'int'; posible pérdida de datos
  Generando código...
  NavesL4.vcxproj -> C:\Users\isman\Desktop\P1Cuatri\SEV-2021\Plataformas\Debug\NavesAnime.exe
