C:\Program Files (x86)\Microsoft Visual Studio\2019\Community\MSBuild\Microsoft\VC\v160\Microsoft.CppBuild.targets(513,5): warning MSB8028: El directorio intermedio (Debug\) contiene archivos compartidos de otro proyecto (NavesAnime.vcxproj, NavesL4.vcxproj). Esto puede dar lugar a un comportamiento incorrecto de limpieza y recompilación.
  Game.cpp
C:\Users\isman\Desktop\P1Cuatri\SEV-2021\Plataformas\Plataformas\Audio.h(6,10): warning C4067: símbolos (token) inesperados después de la directiva del preprocesador; se esperaba una nueva línea
C:\Users\isman\Desktop\P1Cuatri\SEV-2021\Plataformas\Plataformas\Game.cpp(65,56): warning C4244: 'argumento': conversión de 'float' a 'int'; posible pérdida de datos
C:\Users\isman\Desktop\P1Cuatri\SEV-2021\Plataformas\Plataformas\Game.cpp(65,35): warning C4244: 'argumento': conversión de 'float' a 'int'; posible pérdida de datos
  GameLayer.cpp
C:\Users\isman\Desktop\P1Cuatri\SEV-2021\Plataformas\Plataformas\Audio.h(6,10): warning C4067: símbolos (token) inesperados después de la directiva del preprocesador; se esperaba una nueva línea
C:\Users\isman\Desktop\P1Cuatri\SEV-2021\Plataformas\Plataformas\GameLayer.cpp(24,66): warning C4305: 'argumento': truncamiento de 'double' a 'float'
C:\Users\isman\Desktop\P1Cuatri\SEV-2021\Plataformas\Plataformas\GameLayer.cpp(133,24): warning C4244: '=': conversión de 'double' a 'float'; posible pérdida de datos
C:\Users\isman\Desktop\P1Cuatri\SEV-2021\Plataformas\Plataformas\GameLayer.cpp(139,24): warning C4244: '=': conversión de 'double' a 'float'; posible pérdida de datos
C:\Users\isman\Desktop\P1Cuatri\SEV-2021\Plataformas\Plataformas\GameLayer.cpp(187,13): warning C4244: 'inicializando': conversión de 'int' a 'float'; posible pérdida de datos
C:\Users\isman\Desktop\P1Cuatri\SEV-2021\Plataformas\Plataformas\GameLayer.cpp(188,13): warning C4244: 'inicializando': conversión de 'int' a 'float'; posible pérdida de datos
  Player.cpp
C:\Users\isman\Desktop\P1Cuatri\SEV-2021\Plataformas\Plataformas\Audio.h(6,10): warning C4067: símbolos (token) inesperados después de la directiva del preprocesador; se esperaba una nueva línea
C:\Users\isman\Desktop\P1Cuatri\SEV-2021\Plataformas\Plataformas\Player.cpp(9,10): warning C4244: 'argumento': conversión de 'int' a 'float'; posible pérdida de datos
C:\Users\isman\Desktop\P1Cuatri\SEV-2021\Plataformas\Plataformas\Player.cpp(9,3): warning C4244: 'argumento': conversión de 'int' a 'float'; posible pérdida de datos
C:\Users\isman\Desktop\P1Cuatri\SEV-2021\Plataformas\Plataformas\Player.cpp(11,10): warning C4244: 'argumento': conversión de 'int' a 'float'; posible pérdida de datos
C:\Users\isman\Desktop\P1Cuatri\SEV-2021\Plataformas\Plataformas\Player.cpp(11,3): warning C4244: 'argumento': conversión de 'int' a 'float'; posible pérdida de datos
C:\Users\isman\Desktop\P1Cuatri\SEV-2021\Plataformas\Plataformas\Player.cpp(13,68): warning C4244: 'argumento': conversión de 'int' a 'float'; posible pérdida de datos
C:\Users\isman\Desktop\P1Cuatri\SEV-2021\Plataformas\Plataformas\Player.cpp(13,61): warning C4244: 'argumento': conversión de 'int' a 'float'; posible pérdida de datos
C:\Users\isman\Desktop\P1Cuatri\SEV-2021\Plataformas\Plataformas\Player.cpp(15,69): warning C4244: 'argumento': conversión de 'int' a 'float'; posible pérdida de datos
C:\Users\isman\Desktop\P1Cuatri\SEV-2021\Plataformas\Plataformas\Player.cpp(15,62): warning C4244: 'argumento': conversión de 'int' a 'float'; posible pérdida de datos
C:\Users\isman\Desktop\P1Cuatri\SEV-2021\Plataformas\Plataformas\Player.cpp(17,76): warning C4244: 'argumento': conversión de 'int' a 'float'; posible pérdida de datos
C:\Users\isman\Desktop\P1Cuatri\SEV-2021\Plataformas\Plataformas\Player.cpp(17,69): warning C4244: 'argumento': conversión de 'int' a 'float'; posible pérdida de datos
C:\Users\isman\Desktop\P1Cuatri\SEV-2021\Plataformas\Plataformas\Player.cpp(19,77): warning C4244: 'argumento': conversión de 'int' a 'float'; posible pérdida de datos
C:\Users\isman\Desktop\P1Cuatri\SEV-2021\Plataformas\Plataformas\Player.cpp(19,70): warning C4244: 'argumento': conversión de 'int' a 'float'; posible pérdida de datos
C:\Users\isman\Desktop\P1Cuatri\SEV-2021\Plataformas\Plataformas\Player.cpp(22,10): warning C4244: 'argumento': conversión de 'int' a 'float'; posible pérdida de datos
C:\Users\isman\Desktop\P1Cuatri\SEV-2021\Plataformas\Plataformas\Player.cpp(22,3): warning C4244: 'argumento': conversión de 'int' a 'float'; posible pérdida de datos
C:\Users\isman\Desktop\P1Cuatri\SEV-2021\Plataformas\Plataformas\Player.cpp(24,10): warning C4244: 'argumento': conversión de 'int' a 'float'; posible pérdida de datos
C:\Users\isman\Desktop\P1Cuatri\SEV-2021\Plataformas\Plataformas\Player.cpp(24,3): warning C4244: 'argumento': conversión de 'int' a 'float'; posible pérdida de datos
C:\Users\isman\Desktop\P1Cuatri\SEV-2021\Plataformas\Plataformas\Player.cpp(153,46): warning C4244: 'argumento': conversión de 'int' a 'float'; posible pérdida de datos
C:\Users\isman\Desktop\P1Cuatri\SEV-2021\Plataformas\Plataformas\Player.cpp(153,43): warning C4244: 'argumento': conversión de 'int' a 'float'; posible pérdida de datos
C:\Users\isman\Desktop\P1Cuatri\SEV-2021\Plataformas\Plataformas\Player.cpp(167,32): warning C4244: 'argumento': conversión de 'int' a 'float'; posible pérdida de datos
C:\Users\isman\Desktop\P1Cuatri\SEV-2021\Plataformas\Plataformas\Player.cpp(171,33): warning C4244: 'argumento': conversión de 'int' a 'float'; posible pérdida de datos
  Generando código...
  Plataformas.vcxproj -> C:\Users\isman\Desktop\P1Cuatri\SEV-2021\Plataformas\Debug\Plataformas.exe
