C:\Program Files (x86)\Microsoft Visual Studio\2019\Community\MSBuild\Microsoft\VC\v160\Microsoft.CppBuild.targets(513,5): warning MSB8028: El directorio intermedio (Debug\) contiene archivos compartidos de otro proyecto (NavesAnime.vcxproj, NavesL4.vcxproj, Plataformas.vcxproj). Esto puede dar lugar a un comportamiento incorrecto de limpieza y recompilación.
  GameLayer.cpp
C:\Users\isman\Desktop\P1Cuatri\SEV-2021\Plataformas - Entrega\PlataformasEntrega\Audio.h(6,10): warning C4067: símbolos (token) inesperados después de la directiva del preprocesador; se esperaba una nueva línea
C:\Users\isman\Desktop\P1Cuatri\SEV-2021\Plataformas - Entrega\PlataformasEntrega\GameLayer.cpp(17,95): warning C4305: 'argumento': truncamiento de 'double' a 'float'
C:\Users\isman\Desktop\P1Cuatri\SEV-2021\Plataformas - Entrega\PlataformasEntrega\GameLayer.cpp(38,66): warning C4305: 'argumento': truncamiento de 'double' a 'float'
C:\Users\isman\Desktop\P1Cuatri\SEV-2021\Plataformas - Entrega\PlataformasEntrega\GameLayer.cpp(43,45): warning C4305: 'argumento': truncamiento de 'double' a 'float'
C:\Users\isman\Desktop\P1Cuatri\SEV-2021\Plataformas - Entrega\PlataformasEntrega\GameLayer.cpp(47,72): warning C4305: 'argumento': truncamiento de 'double' a 'float'
C:\Users\isman\Desktop\P1Cuatri\SEV-2021\Plataformas - Entrega\PlataformasEntrega\GameLayer.cpp(256,24): warning C4244: '=': conversión de 'double' a 'float'; posible pérdida de datos
C:\Users\isman\Desktop\P1Cuatri\SEV-2021\Plataformas - Entrega\PlataformasEntrega\GameLayer.cpp(262,24): warning C4244: '=': conversión de 'double' a 'float'; posible pérdida de datos
C:\Users\isman\Desktop\P1Cuatri\SEV-2021\Plataformas - Entrega\PlataformasEntrega\GameLayer.cpp(271,24): warning C4244: '=': conversión de 'double' a 'float'; posible pérdida de datos
C:\Users\isman\Desktop\P1Cuatri\SEV-2021\Plataformas - Entrega\PlataformasEntrega\GameLayer.cpp(278,24): warning C4244: '=': conversión de 'double' a 'float'; posible pérdida de datos
C:\Users\isman\Desktop\P1Cuatri\SEV-2021\Plataformas - Entrega\PlataformasEntrega\GameLayer.cpp(353,13): warning C4244: 'inicializando': conversión de 'int' a 'float'; posible pérdida de datos
C:\Users\isman\Desktop\P1Cuatri\SEV-2021\Plataformas - Entrega\PlataformasEntrega\GameLayer.cpp(354,13): warning C4244: 'inicializando': conversión de 'int' a 'float'; posible pérdida de datos
C:\Users\isman\Desktop\P1Cuatri\SEV-2021\Plataformas - Entrega\PlataformasEntrega\GameLayer.cpp(565,35): warning C4244: 'argumento': conversión de 'float' a 'int'; posible pérdida de datos
C:\Users\isman\Desktop\P1Cuatri\SEV-2021\Plataformas - Entrega\PlataformasEntrega\GameLayer.cpp(565,26): warning C4244: 'argumento': conversión de 'float' a 'int'; posible pérdida de datos
C:\Users\isman\Desktop\P1Cuatri\SEV-2021\Plataformas - Entrega\PlataformasEntrega\GameLayer.cpp(568,39): warning C4244: '=': conversión de 'float' a 'int'; posible pérdida de datos
C:\Users\isman\Desktop\P1Cuatri\SEV-2021\Plataformas - Entrega\PlataformasEntrega\GameLayer.cpp(571,43): warning C4244: 'argumento': conversión de 'float' a 'int'; posible pérdida de datos
C:\Users\isman\Desktop\P1Cuatri\SEV-2021\Plataformas - Entrega\PlataformasEntrega\GameLayer.cpp(571,34): warning C4244: 'argumento': conversión de 'float' a 'int'; posible pérdida de datos
C:\Users\isman\Desktop\P1Cuatri\SEV-2021\Plataformas - Entrega\PlataformasEntrega\GameLayer.cpp(574,42): warning C4244: 'argumento': conversión de 'float' a 'int'; posible pérdida de datos
C:\Users\isman\Desktop\P1Cuatri\SEV-2021\Plataformas - Entrega\PlataformasEntrega\GameLayer.cpp(574,33): warning C4244: 'argumento': conversión de 'float' a 'int'; posible pérdida de datos
C:\Users\isman\Desktop\P1Cuatri\SEV-2021\Plataformas - Entrega\PlataformasEntrega\GameLayer.cpp(581,51): warning C4244: 'argumento': conversión de 'float' a 'int'; posible pérdida de datos
C:\Users\isman\Desktop\P1Cuatri\SEV-2021\Plataformas - Entrega\PlataformasEntrega\GameLayer.cpp(581,42): warning C4244: 'argumento': conversión de 'float' a 'int'; posible pérdida de datos
C:\Users\isman\Desktop\P1Cuatri\SEV-2021\Plataformas - Entrega\PlataformasEntrega\GameLayer.cpp(582,39): warning C4244: '=': conversión de 'float' a 'int'; posible pérdida de datos
C:\Users\isman\Desktop\P1Cuatri\SEV-2021\Plataformas - Entrega\PlataformasEntrega\GameLayer.cpp(594,43): warning C4244: 'argumento': conversión de 'float' a 'int'; posible pérdida de datos
C:\Users\isman\Desktop\P1Cuatri\SEV-2021\Plataformas - Entrega\PlataformasEntrega\GameLayer.cpp(594,34): warning C4244: 'argumento': conversión de 'float' a 'int'; posible pérdida de datos
C:\Users\isman\Desktop\P1Cuatri\SEV-2021\Plataformas - Entrega\PlataformasEntrega\GameLayer.cpp(597,42): warning C4244: 'argumento': conversión de 'float' a 'int'; posible pérdida de datos
C:\Users\isman\Desktop\P1Cuatri\SEV-2021\Plataformas - Entrega\PlataformasEntrega\GameLayer.cpp(597,33): warning C4244: 'argumento': conversión de 'float' a 'int'; posible pérdida de datos
C:\Users\isman\Desktop\P1Cuatri\SEV-2021\Plataformas - Entrega\PlataformasEntrega\GameLayer.cpp(605,35): warning C4244: 'argumento': conversión de 'float' a 'int'; posible pérdida de datos
C:\Users\isman\Desktop\P1Cuatri\SEV-2021\Plataformas - Entrega\PlataformasEntrega\GameLayer.cpp(605,26): warning C4244: 'argumento': conversión de 'float' a 'int'; posible pérdida de datos
C:\Users\isman\Desktop\P1Cuatri\SEV-2021\Plataformas - Entrega\PlataformasEntrega\GameLayer.cpp(611,43): warning C4244: 'argumento': conversión de 'float' a 'int'; posible pérdida de datos
C:\Users\isman\Desktop\P1Cuatri\SEV-2021\Plataformas - Entrega\PlataformasEntrega\GameLayer.cpp(611,34): warning C4244: 'argumento': conversión de 'float' a 'int'; posible pérdida de datos
C:\Users\isman\Desktop\P1Cuatri\SEV-2021\Plataformas - Entrega\PlataformasEntrega\GameLayer.cpp(614,42): warning C4244: 'argumento': conversión de 'float' a 'int'; posible pérdida de datos
C:\Users\isman\Desktop\P1Cuatri\SEV-2021\Plataformas - Entrega\PlataformasEntrega\GameLayer.cpp(614,33): warning C4244: 'argumento': conversión de 'float' a 'int'; posible pérdida de datos
  PlataformasEntrega.vcxproj -> C:\Users\isman\Desktop\P1Cuatri\SEV-2021\Plataformas - Entrega\Debug\PlataformasEntrega.exe
